# JRE version: OpenJDK Runtime Environment (8.0_76-b03) (build 1.8.0_76-release-b03)
# Java VM: OpenJDK 64-Bit Server VM (25.76-b03 mixed mode linux-amd64 compressed oops)
Heap:
 PSYoungGen      total 198144K, used 10388K [0x00000000eab00000, 0x00000000f8580000, 0x0000000100000000)
  eden space 177664K, 0% used [0x00000000eab00000,0x00000000eab00000,0x00000000f5880000)
  from space 20480K, 50% used [0x00000000f5880000,0x00000000f62a5200,0x00000000f6c80000)
  to   space 15360K, 0% used [0x00000000f6c80000,0x00000000f6c80000,0x00000000f7b80000)
 ParOldGen       total 52224K, used 43277K [0x00000000c0000000, 0x00000000c3300000, 0x00000000eab00000)
  object space 52224K, 82% used [0x00000000c0000000,0x00000000c2a437e0,0x00000000c3300000)
 Metaspace       used 57770K, capacity 59906K, committed 60032K, reserved 1101824K
  class space    used 7716K, capacity 8202K, committed 8320K, reserved 1048576K
GC Heap History (10 events):
Event: 16.624 GC heap after
Heap after GC invocations=11 (full 2):
 PSYoungGen      total 115200K, used 0K [0x00000000eab00000, 0x00000000f4e80000, 0x0000000100000000)
  eden space 103424K, 0% used [0x00000000eab00000,0x00000000eab00000,0x00000000f1000000)
  from space 11776K, 0% used [0x00000000f1000000,0x00000000f1000000,0x00000000f1b80000)
  to   space 12800K, 0% used [0x00000000f4200000,0x00000000f4200000,0x00000000f4e80000)
 ParOldGen       total 52224K, used 16869K [0x00000000c0000000, 0x00000000c3300000, 0x00000000eab00000)
  object space 52224K, 32% used [0x00000000c0000000,0x00000000c1079718,0x00000000c3300000)
 Metaspace       used 34446K, capacity 35134K, committed 35416K, reserved 1079296K
  class space    used 4569K, capacity 4752K, committed 4864K, reserved 1048576K
}
Event: 21.013 GC heap before
{Heap before GC invocations=12 (full 2):
 PSYoungGen      total 115200K, used 103424K [0x00000000eab00000, 0x00000000f4e80000, 0x0000000100000000)
  eden space 103424K, 100% used [0x00000000eab00000,0x00000000f1000000,0x00000000f1000000)
  from space 11776K, 0% used [0x00000000f1000000,0x00000000f1000000,0x00000000f1b80000)
  to   space 12800K, 0% used [0x00000000f4200000,0x00000000f4200000,0x00000000f4e80000)
 ParOldGen       total 52224K, used 16869K [0x00000000c0000000, 0x00000000c3300000, 0x00000000eab00000)
  object space 52224K, 32% used [0x00000000c0000000,0x00000000c1079718,0x00000000c3300000)
 Metaspace       used 43987K, capacity 44922K, committed 45312K, reserved 1089536K
  class space    used 5836K, capacity 6115K, committed 6144K, reserved 1048576K
Event: 21.096 GC heap after
Heap after GC invocations=12 (full 2):
 PSYoungGen      total 150528K, used 11218K [0x00000000eab00000, 0x00000000f4d80000, 0x0000000100000000)
  eden space 138752K, 0% used [0x00000000eab00000,0x00000000eab00000,0x00000000f3280000)
  from space 11776K, 95% used [0x00000000f4200000,0x00000000f4cf4b30,0x00000000f4d80000)
  to   space 13824K, 0% used [0x00000000f3280000,0x00000000f3280000,0x00000000f4000000)
 ParOldGen       total 52224K, used 16877K [0x00000000c0000000, 0x00000000c3300000, 0x00000000eab00000)
  object space 52224K, 32% used [0x00000000c0000000,0x00000000c107b718,0x00000000c3300000)
 Metaspace       used 43987K, capacity 44922K, committed 45312K, reserved 1089536K
  class space    used 5836K, capacity 6115K, committed 6144K, reserved 1048576K
}
Event: 25.713 GC heap before
{Heap before GC invocations=13 (full 2):
 PSYoungGen      total 150528K, used 149970K [0x00000000eab00000, 0x00000000f4d80000, 0x0000000100000000)
  eden space 138752K, 100% used [0x00000000eab00000,0x00000000f3280000,0x00000000f3280000)
  from space 11776K, 95% used [0x00000000f4200000,0x00000000f4cf4b30,0x00000000f4d80000)
  to   space 13824K, 0% used [0x00000000f3280000,0x00000000f3280000,0x00000000f4000000)
 ParOldGen       total 52224K, used 16877K [0x00000000c0000000, 0x00000000c3300000, 0x00000000eab00000)
  object space 52224K, 32% used [0x00000000c0000000,0x00000000c107b718,0x00000000c3300000)
 Metaspace       used 49916K, capacity 51356K, committed 51584K, reserved 1093632K
  class space    used 6637K, capacity 6992K, committed 7040K, reserved 1048576K
Event: 25.762 GC heap after
Heap after GC invocations=13 (full 2):
 PSYoungGen      total 152576K, used 12549K [0x00000000eab00000, 0x00000000f7b80000, 0x0000000100000000)
  eden space 138752K, 0% used [0x00000000eab00000,0x00000000eab00000,0x00000000f3280000)
  from space 13824K, 90% used [0x00000000f3280000,0x00000000f3ec1610,0x00000000f4000000)
  to   space 15360K, 0% used [0x00000000f6c80000,0x00000000f6c80000,0x00000000f7b80000)
 ParOldGen       total 52224K, used 24395K [0x00000000c0000000, 0x00000000c3300000, 0x00000000eab00000)
  object space 52224K, 46% used [0x00000000c0000000,0x00000000c17d2ef0,0x00000000c3300000)
 Metaspace       used 49916K, capacity 51356K, committed 51584K, reserved 1093632K
  class space    used 6637K, capacity 6992K, committed 7040K, reserved 1048576K
}
Event: 30.148 GC heap before
{Heap before GC invocations=14 (full 2):
 PSYoungGen      total 152576K, used 139162K [0x00000000eab00000, 0x00000000f7b80000, 0x0000000100000000)
  eden space 138752K, 91% used [0x00000000eab00000,0x00000000f26a55a8,0x00000000f3280000)
  from space 13824K, 90% used [0x00000000f3280000,0x00000000f3ec1610,0x00000000f4000000)
  to   space 15360K, 0% used [0x00000000f6c80000,0x00000000f6c80000,0x00000000f7b80000)
 ParOldGen       total 52224K, used 24395K [0x00000000c0000000, 0x00000000c3300000, 0x00000000eab00000)
  object space 52224K, 46% used [0x00000000c0000000,0x00000000c17d2ef0,0x00000000c3300000)
 Metaspace       used 54350K, capacity 56382K, committed 56576K, reserved 1097728K
  class space    used 7362K, capacity 7836K, committed 7936K, reserved 1048576K
Event: 30.240 GC heap after
Heap after GC invocations=14 (full 2):
 PSYoungGen      total 193024K, used 15348K [0x00000000eab00000, 0x00000000f8580000, 0x0000000100000000)
  eden space 177664K, 0% used [0x00000000eab00000,0x00000000eab00000,0x00000000f5880000)
  from space 15360K, 99% used [0x00000000f6c80000,0x00000000f7b7d310,0x00000000f7b80000)
  to   space 20480K, 0% used [0x00000000f5880000,0x00000000f5880000,0x00000000f6c80000)
 ParOldGen       total 52224K, used 32255K [0x00000000c0000000, 0x00000000c3300000, 0x00000000eab00000)
  object space 52224K, 61% used [0x00000000c0000000,0x00000000c1f7fc80,0x00000000c3300000)
 Metaspace       used 54350K, capacity 56382K, committed 56576K, reserved 1097728K
  class space    used 7362K, capacity 7836K, committed 7936K, reserved 1048576K
}
Event: 30.240 GC heap before
{Heap before GC invocations=15 (full 3):
 PSYoungGen      total 193024K, used 15348K [0x00000000eab00000, 0x00000000f8580000, 0x0000000100000000)
  eden space 177664K, 0% used [0x00000000eab00000,0x00000000eab00000,0x00000000f5880000)
  from space 15360K, 99% used [0x00000000f6c80000,0x00000000f7b7d310,0x00000000f7b80000)
  to   space 20480K, 0% used [0x00000000f5880000,0x00000000f5880000,0x00000000f6c80000)
 ParOldGen       total 52224K, used 32255K [0x00000000c0000000, 0x00000000c3300000, 0x00000000eab00000)
  object space 52224K, 61% used [0x00000000c0000000,0x00000000c1f7fc80,0x00000000c3300000)
 Metaspace       used 54350K, capacity 56382K, committed 56576K, reserved 1097728K
  class space    used 7362K, capacity 7836K, committed 7936K, reserved 1048576K
Event: 30.903 GC heap after
Heap after GC invocations=15 (full 3):
 PSYoungGen      total 193024K, used 0K [0x00000000eab00000, 0x00000000f8580000, 0x0000000100000000)
  eden space 177664K, 0% used [0x00000000eab00000,0x00000000eab00000,0x00000000f5880000)
  from space 15360K, 0% used [0x00000000f6c80000,0x00000000f6c80000,0x00000000f7b80000)
  to   space 20480K, 0% used [0x00000000f5880000,0x00000000f5880000,0x00000000f6c80000)
 ParOldGen       total 52224K, used 43269K [0x00000000c0000000, 0x00000000c3300000, 0x00000000eab00000)
  object space 52224K, 82% used [0x00000000c0000000,0x00000000c2a417e0,0x00000000c3300000)
 Metaspace       used 54350K, capacity 56382K, committed 56576K, reserved 1097728K
  class space    used 7362K, capacity 7836K, committed 7936K, reserved 1048576K
}
Event: 53.837 GC heap before
{Heap before GC invocations=16 (full 3):
 PSYoungGen      total 193024K, used 177664K [0x00000000eab00000, 0x00000000f8580000, 0x0000000100000000)
  eden space 177664K, 100% used [0x00000000eab00000,0x00000000f5880000,0x00000000f5880000)
  from space 15360K, 0% used [0x00000000f6c80000,0x00000000f6c80000,0x00000000f7b80000)
  to   space 20480K, 0% used [0x00000000f5880000,0x00000000f5880000,0x00000000f6c80000)
 ParOldGen       total 52224K, used 43269K [0x00000000c0000000, 0x00000000c3300000, 0x00000000eab00000)
  object space 52224K, 82% used [0x00000000c0000000,0x00000000c2a417e0,0x00000000c3300000)
 Metaspace       used 57770K, capacity 59906K, committed 60032K, reserved 1101824K
  class space    used 7716K, capacity 8202K, committed 8320K, reserved 1048576K

